<?xml version="1.0" encoding="UTF-8"?>
<!-- Generated by org.testng.reporters.JUnitReportReporter -->
<testsuite hostname="DESKTOP-80JSJRV" failures="0" tests="1" name="appiumLearning.AndroidFirstCodewithAppPackageAndAppActivity" time="23.482" errors="0" timestamp="2024-05-08T22:05:42 IST" skipped="0">
  <testcase classname="appiumLearning.AndroidFirstCodewithAppPackageAndAppActivity" name="executeCode" time="23.482"/>
  <system-out/>
</testsuite> <!-- appiumLearning.AndroidFirstCodewithAppPackageAndAppActivity -->
