<?xml version="1.0" encoding="UTF-8"?>
<!-- Generated by org.testng.reporters.JUnitReportReporter -->
<testsuite hostname="DESKTOP-80JSJRV" failures="0" tests="1" name="appiumSMS.ReadDelSMS" time="58.757" errors="0" timestamp="2024-05-09T22:37:08 IST" skipped="0">
  <testcase classname="appiumSMS.ReadDelSMS" name="ReadSMS" time="58.757"/>
  <system-out/>
</testsuite> <!-- appiumSMS.ReadDelSMS -->
