<?xml version="1.0" encoding="UTF-8"?>
<!-- Generated by org.testng.reporters.JUnitReportReporter -->
<testsuite hostname="DESKTOP-80JSJRV" failures="0" tests="1" name="appiumLearning.AndroidFirstCodewithAppCapablity" time="20.583" errors="0" timestamp="2024-05-08T20:17:06 IST" skipped="0">
  <testcase classname="appiumLearning.AndroidFirstCodewithAppCapablity" name="executeCode" time="20.583"/>
  <system-out/>
</testsuite> <!-- appiumLearning.AndroidFirstCodewithAppCapablity -->
