<?xml version="1.0" encoding="UTF-8"?>
<!-- Generated by org.testng.reporters.JUnitReportReporter -->
<testsuite hostname="DESKTOP-80JSJRV" failures="0" tests="1" name="appiumCalc.AdditionofNums" time="26.655" errors="0" timestamp="2024-05-08T23:09:45 IST" skipped="0">
  <testcase classname="appiumCalc.AdditionofNums" name="calciAddMul" time="26.655"/>
  <system-out/>
</testsuite> <!-- appiumCalc.AdditionofNums -->
