<?xml version="1.0" encoding="UTF-8"?>
<!-- Generated by org.testng.reporters.JUnitReportReporter -->
<testsuite hostname="DESKTOP-80JSJRV" failures="0" tests="1" name="appiumTouchActions.appTouchActions" time="47.575" errors="0" timestamp="2024-05-12T11:52:31 IST" skipped="0">
  <testcase classname="appiumTouchActions.appTouchActions" name="AmazonAppLaunch" time="47.575"/>
  <system-out/>
</testsuite> <!-- appiumTouchActions.appTouchActions -->
