<?xml version="1.0" encoding="UTF-8"?>
<!-- Generated by org.testng.reporters.JUnitReportReporter -->
<testsuite hostname="DESKTOP-80JSJRV" failures="0" tests="1" name="appiumLearning.AndroidFirstCode" time="20.008" errors="0" timestamp="2024-05-12T12:37:38 IST" skipped="0">
  <testcase classname="appiumLearning.AndroidFirstCode" name="executeCode" time="20.008"/>
  <system-out/>
</testsuite> <!-- appiumLearning.AndroidFirstCode -->
